Analysis & Synthesis report for monociclo_fpga
Fri May 17 06:49:22 2024
Quartus Prime Version 18.0.0 Build 614 04/24/2018 SJ Lite Edition


---------------------
; Table of Contents ;
---------------------
  1. Legal Notice
  2. Analysis & Synthesis Summary
  3. Analysis & Synthesis Settings
  4. Parallel Compilation
  5. Analysis & Synthesis Source Files Read
  6. Analysis & Synthesis Resource Usage Summary
  7. Analysis & Synthesis Resource Utilization by Entity
  8. Registers Removed During Synthesis
  9. General Register Statistics
 10. Inverted Register Statistics
 11. Multiplexer Restructuring Statistics (Restructuring Performed)
 12. Parameter Settings for User Entity Instance: monociclo:PC|extensiondesigno:extend_u3
 13. Parameter Settings for User Entity Instance: monociclo:PC|ALUNBits:comb_169
 14. Port Connectivity Checks: "monociclo:PC|ALUNBits:comb_169|ALUBitN:alubucle[31].ALUBitN_1"
 15. Port Connectivity Checks: "monociclo:PC|ALUNBits:comb_169|ALU:alubucle[30].ALUBitX"
 16. Port Connectivity Checks: "monociclo:PC|ALUNBits:comb_169|ALU:alubucle[29].ALUBitX"
 17. Port Connectivity Checks: "monociclo:PC|ALUNBits:comb_169|ALU:alubucle[28].ALUBitX"
 18. Port Connectivity Checks: "monociclo:PC|ALUNBits:comb_169|ALU:alubucle[27].ALUBitX"
 19. Port Connectivity Checks: "monociclo:PC|ALUNBits:comb_169|ALU:alubucle[26].ALUBitX"
 20. Port Connectivity Checks: "monociclo:PC|ALUNBits:comb_169|ALU:alubucle[25].ALUBitX"
 21. Port Connectivity Checks: "monociclo:PC|ALUNBits:comb_169|ALU:alubucle[24].ALUBitX"
 22. Port Connectivity Checks: "monociclo:PC|ALUNBits:comb_169|ALU:alubucle[23].ALUBitX"
 23. Port Connectivity Checks: "monociclo:PC|ALUNBits:comb_169|ALU:alubucle[22].ALUBitX"
 24. Port Connectivity Checks: "monociclo:PC|ALUNBits:comb_169|ALU:alubucle[21].ALUBitX"
 25. Port Connectivity Checks: "monociclo:PC|ALUNBits:comb_169|ALU:alubucle[20].ALUBitX"
 26. Port Connectivity Checks: "monociclo:PC|ALUNBits:comb_169|ALU:alubucle[19].ALUBitX"
 27. Port Connectivity Checks: "monociclo:PC|ALUNBits:comb_169|ALU:alubucle[18].ALUBitX"
 28. Port Connectivity Checks: "monociclo:PC|ALUNBits:comb_169|ALU:alubucle[17].ALUBitX"
 29. Port Connectivity Checks: "monociclo:PC|ALUNBits:comb_169|ALU:alubucle[16].ALUBitX"
 30. Port Connectivity Checks: "monociclo:PC|ALUNBits:comb_169|ALU:alubucle[15].ALUBitX"
 31. Port Connectivity Checks: "monociclo:PC|ALUNBits:comb_169|ALU:alubucle[14].ALUBitX"
 32. Port Connectivity Checks: "monociclo:PC|ALUNBits:comb_169|ALU:alubucle[13].ALUBitX"
 33. Port Connectivity Checks: "monociclo:PC|ALUNBits:comb_169|ALU:alubucle[12].ALUBitX"
 34. Port Connectivity Checks: "monociclo:PC|ALUNBits:comb_169|ALU:alubucle[11].ALUBitX"
 35. Port Connectivity Checks: "monociclo:PC|ALUNBits:comb_169|ALU:alubucle[10].ALUBitX"
 36. Port Connectivity Checks: "monociclo:PC|ALUNBits:comb_169|ALU:alubucle[9].ALUBitX"
 37. Port Connectivity Checks: "monociclo:PC|ALUNBits:comb_169|ALU:alubucle[8].ALUBitX"
 38. Port Connectivity Checks: "monociclo:PC|ALUNBits:comb_169|ALU:alubucle[7].ALUBitX"
 39. Port Connectivity Checks: "monociclo:PC|ALUNBits:comb_169|ALU:alubucle[6].ALUBitX"
 40. Port Connectivity Checks: "monociclo:PC|ALUNBits:comb_169|ALU:alubucle[5].ALUBitX"
 41. Port Connectivity Checks: "monociclo:PC|ALUNBits:comb_169|ALU:alubucle[4].ALUBitX"
 42. Port Connectivity Checks: "monociclo:PC|ALUNBits:comb_169|ALU:alubucle[3].ALUBitX"
 43. Port Connectivity Checks: "monociclo:PC|ALUNBits:comb_169|ALU:alubucle[2].ALUBitX"
 44. Port Connectivity Checks: "monociclo:PC|ALUNBits:comb_169|ALU:alubucle[1].ALUBitX"
 45. Port Connectivity Checks: "monociclo:PC|ALUNBits:comb_169"
 46. Post-Synthesis Netlist Statistics for Top Partition
 47. Elapsed Time Per Partition
 48. Analysis & Synthesis Messages



----------------
; Legal Notice ;
----------------
Copyright (C) 2018  Intel Corporation. All rights reserved.
Your use of Intel Corporation's design tools, logic functions 
and other software and tools, and its AMPP partner logic 
functions, and any output files from any of the foregoing 
(including device programming or simulation files), and any 
associated documentation or information are expressly subject 
to the terms and conditions of the Intel Program License 
Subscription Agreement, the Intel Quartus Prime License Agreement,
the Intel FPGA IP License Agreement, or other applicable license
agreement, including, without limitation, that your use is for
the sole purpose of programming logic devices manufactured by
Intel and sold by Intel or its authorized distributors.  Please
refer to the applicable agreement for further details.



+----------------------------------------------------------------------------------+
; Analysis & Synthesis Summary                                                     ;
+------------------------------------+---------------------------------------------+
; Analysis & Synthesis Status        ; Successful - Fri May 17 06:49:21 2024       ;
; Quartus Prime Version              ; 18.0.0 Build 614 04/24/2018 SJ Lite Edition ;
; Revision Name                      ; monociclo_fpga                              ;
; Top-level Entity Name              ; monociclo_fpga                              ;
; Family                             ; Cyclone IV E                                ;
; Total logic elements               ; 6,301                                       ;
;     Total combinational functions  ; 3,293                                       ;
;     Dedicated logic registers      ; 3,111                                       ;
; Total registers                    ; 3111                                        ;
; Total pins                         ; 58                                          ;
; Total virtual pins                 ; 0                                           ;
; Total memory bits                  ; 0                                           ;
; Embedded Multiplier 9-bit elements ; 0                                           ;
; Total PLLs                         ; 0                                           ;
+------------------------------------+---------------------------------------------+


+------------------------------------------------------------------------------------------------------------+
; Analysis & Synthesis Settings                                                                              ;
+------------------------------------------------------------------+--------------------+--------------------+
; Option                                                           ; Setting            ; Default Value      ;
+------------------------------------------------------------------+--------------------+--------------------+
; Device                                                           ; EP4CE115F29C7      ;                    ;
; Top-level entity name                                            ; monociclo_fpga     ; monociclo_fpga     ;
; Family name                                                      ; Cyclone IV E       ; Cyclone V          ;
; Use smart compilation                                            ; Off                ; Off                ;
; Enable parallel Assembler and Timing Analyzer during compilation ; On                 ; On                 ;
; Enable compact report table                                      ; Off                ; Off                ;
; Restructure Multiplexers                                         ; Auto               ; Auto               ;
; Create Debugging Nodes for IP Cores                              ; Off                ; Off                ;
; Preserve fewer node names                                        ; On                 ; On                 ;
; Intel FPGA IP Evaluation Mode                                    ; Enable             ; Enable             ;
; Verilog Version                                                  ; Verilog_2001       ; Verilog_2001       ;
; VHDL Version                                                     ; VHDL_1993          ; VHDL_1993          ;
; State Machine Processing                                         ; Auto               ; Auto               ;
; Safe State Machine                                               ; Off                ; Off                ;
; Extract Verilog State Machines                                   ; On                 ; On                 ;
; Extract VHDL State Machines                                      ; On                 ; On                 ;
; Ignore Verilog initial constructs                                ; Off                ; Off                ;
; Iteration limit for constant Verilog loops                       ; 5000               ; 5000               ;
; Iteration limit for non-constant Verilog loops                   ; 250                ; 250                ;
; Add Pass-Through Logic to Inferred RAMs                          ; On                 ; On                 ;
; Infer RAMs from Raw Logic                                        ; On                 ; On                 ;
; Parallel Synthesis                                               ; On                 ; On                 ;
; DSP Block Balancing                                              ; Auto               ; Auto               ;
; NOT Gate Push-Back                                               ; On                 ; On                 ;
; Power-Up Don't Care                                              ; On                 ; On                 ;
; Remove Redundant Logic Cells                                     ; Off                ; Off                ;
; Remove Duplicate Registers                                       ; On                 ; On                 ;
; Ignore CARRY Buffers                                             ; Off                ; Off                ;
; Ignore CASCADE Buffers                                           ; Off                ; Off                ;
; Ignore GLOBAL Buffers                                            ; Off                ; Off                ;
; Ignore ROW GLOBAL Buffers                                        ; Off                ; Off                ;
; Ignore LCELL Buffers                                             ; Off                ; Off                ;
; Ignore SOFT Buffers                                              ; On                 ; On                 ;
; Limit AHDL Integers to 32 Bits                                   ; Off                ; Off                ;
; Optimization Technique                                           ; Balanced           ; Balanced           ;
; Carry Chain Length                                               ; 70                 ; 70                 ;
; Auto Carry Chains                                                ; On                 ; On                 ;
; Auto Open-Drain Pins                                             ; On                 ; On                 ;
; Perform WYSIWYG Primitive Resynthesis                            ; Off                ; Off                ;
; Auto ROM Replacement                                             ; On                 ; On                 ;
; Auto RAM Replacement                                             ; On                 ; On                 ;
; Auto DSP Block Replacement                                       ; On                 ; On                 ;
; Auto Shift Register Replacement                                  ; Auto               ; Auto               ;
; Allow Shift Register Merging across Hierarchies                  ; Auto               ; Auto               ;
; Auto Clock Enable Replacement                                    ; On                 ; On                 ;
; Strict RAM Replacement                                           ; Off                ; Off                ;
; Allow Synchronous Control Signals                                ; On                 ; On                 ;
; Force Use of Synchronous Clear Signals                           ; Off                ; Off                ;
; Auto RAM Block Balancing                                         ; On                 ; On                 ;
; Auto RAM to Logic Cell Conversion                                ; Off                ; Off                ;
; Auto Resource Sharing                                            ; Off                ; Off                ;
; Allow Any RAM Size For Recognition                               ; Off                ; Off                ;
; Allow Any ROM Size For Recognition                               ; Off                ; Off                ;
; Allow Any Shift Register Size For Recognition                    ; Off                ; Off                ;
; Use LogicLock Constraints during Resource Balancing              ; On                 ; On                 ;
; Ignore translate_off and synthesis_off directives                ; Off                ; Off                ;
; Timing-Driven Synthesis                                          ; On                 ; On                 ;
; Report Parameter Settings                                        ; On                 ; On                 ;
; Report Source Assignments                                        ; On                 ; On                 ;
; Report Connectivity Checks                                       ; On                 ; On                 ;
; Ignore Maximum Fan-Out Assignments                               ; Off                ; Off                ;
; Synchronization Register Chain Length                            ; 2                  ; 2                  ;
; Power Optimization During Synthesis                              ; Normal compilation ; Normal compilation ;
; HDL message level                                                ; Level2             ; Level2             ;
; Suppress Register Optimization Related Messages                  ; Off                ; Off                ;
; Number of Removed Registers Reported in Synthesis Report         ; 5000               ; 5000               ;
; Number of Swept Nodes Reported in Synthesis Report               ; 5000               ; 5000               ;
; Number of Inverted Registers Reported in Synthesis Report        ; 100                ; 100                ;
; Clock MUX Protection                                             ; On                 ; On                 ;
; Auto Gated Clock Conversion                                      ; Off                ; Off                ;
; Block Design Naming                                              ; Auto               ; Auto               ;
; SDC constraint protection                                        ; Off                ; Off                ;
; Synthesis Effort                                                 ; Auto               ; Auto               ;
; Shift Register Replacement - Allow Asynchronous Clear Signal     ; On                 ; On                 ;
; Pre-Mapping Resynthesis Optimization                             ; Off                ; Off                ;
; Analysis & Synthesis Message Level                               ; Medium             ; Medium             ;
; Disable Register Merging Across Hierarchies                      ; Auto               ; Auto               ;
; Resource Aware Inference For Block RAM                           ; On                 ; On                 ;
+------------------------------------------------------------------+--------------------+--------------------+


+------------------------------------------+
; Parallel Compilation                     ;
+----------------------------+-------------+
; Processors                 ; Number      ;
+----------------------------+-------------+
; Number detected on machine ; 4           ;
; Maximum allowed            ; 4           ;
;                            ;             ;
; Average used               ; 1.00        ;
; Maximum used               ; 4           ;
;                            ;             ;
; Usage by Processor         ; % Time Used ;
;     Processor 1            ; 100.0%      ;
;     Processor 2            ;   0.1%      ;
;     Processor 3            ;   0.1%      ;
;     Processor 4            ;   0.1%      ;
+----------------------------+-------------+


+------------------------------------------------------------------------------------------------------------------------------------------------------------------------------------------------------------------------------+
; Analysis & Synthesis Source Files Read                                                                                                                                                                                       ;
+-------------------------------------+-----------------+---------------------------------------+--------------------------------------------------------------------------------------------------------------------+---------+
; File Name with User-Entered Path    ; Used in Netlist ; File Type                             ; File Name with Absolute Path                                                                                       ; Library ;
+-------------------------------------+-----------------+---------------------------------------+--------------------------------------------------------------------------------------------------------------------+---------+
; decodificador/decodificador.v       ; yes             ; User Verilog HDL File                 ; C:/Users/Xehcl/OneDrive/Documentos/Arquitectura de computadoras/monociclo_fpga/decodificador/decodificador.v       ;         ;
; extensiondesigno/extensiondesigno.v ; yes             ; User Verilog HDL File                 ; C:/Users/Xehcl/OneDrive/Documentos/Arquitectura de computadoras/monociclo_fpga/extensiondesigno/extensiondesigno.v ;         ;
; ALU/ALU.v                           ; yes             ; User Verilog HDL File                 ; C:/Users/Xehcl/OneDrive/Documentos/Arquitectura de computadoras/monociclo_fpga/ALU/ALU.v                           ;         ;
; ALU/fulladder/fulladder.v           ; yes             ; User Verilog HDL File                 ; C:/Users/Xehcl/OneDrive/Documentos/Arquitectura de computadoras/monociclo_fpga/ALU/fulladder/fulladder.v           ;         ;
; ALU/ALUNBits.v                      ; yes             ; User Verilog HDL File                 ; C:/Users/Xehcl/OneDrive/Documentos/Arquitectura de computadoras/monociclo_fpga/ALU/ALUNBits.v                      ;         ;
; ALU/ALUBitN.v                       ; yes             ; User Verilog HDL File                 ; C:/Users/Xehcl/OneDrive/Documentos/Arquitectura de computadoras/monociclo_fpga/ALU/ALUBitN.v                       ;         ;
; icache/burbuja.hex                  ; yes             ; User Hexadecimal (Intel-Format) File  ; C:/Users/Xehcl/OneDrive/Documentos/Arquitectura de computadoras/monociclo_fpga/icache/burbuja.hex                  ;         ;
; monociclo/monociclo.v               ; yes             ; User Verilog HDL File                 ; C:/Users/Xehcl/OneDrive/Documentos/Arquitectura de computadoras/monociclo_fpga/monociclo/monociclo.v               ;         ;
; Disp7segs.v                         ; yes             ; User Verilog HDL File                 ; C:/Users/Xehcl/OneDrive/Documentos/Arquitectura de computadoras/monociclo_fpga/Disp7segs.v                         ;         ;
; monociclo_fpga.v                    ; yes             ; User Verilog HDL File                 ; C:/Users/Xehcl/OneDrive/Documentos/Arquitectura de computadoras/monociclo_fpga/monociclo_fpga.v                    ;         ;
; divFreq.v                           ; yes             ; User Verilog HDL File                 ; C:/Users/Xehcl/OneDrive/Documentos/Arquitectura de computadoras/monociclo_fpga/divFreq.v                           ;         ;
; icache/icache.v                     ; yes             ; User Verilog HDL File                 ; C:/Users/Xehcl/OneDrive/Documentos/Arquitectura de computadoras/monociclo_fpga/icache/icache.v                     ;         ;
; regfile/regfile.v                   ; yes             ; User Verilog HDL File                 ; C:/Users/Xehcl/OneDrive/Documentos/Arquitectura de computadoras/monociclo_fpga/regfile/regfile.v                   ;         ;
; dcache/dcache.v                     ; yes             ; User Verilog HDL File                 ; C:/Users/Xehcl/OneDrive/Documentos/Arquitectura de computadoras/monociclo_fpga/dcache/dcache.v                     ;         ;
+-------------------------------------+-----------------+---------------------------------------+--------------------------------------------------------------------------------------------------------------------+---------+


+--------------------------------------------------------------------------+
; Analysis & Synthesis Resource Usage Summary                              ;
+---------------------------------------------+----------------------------+
; Resource                                    ; Usage                      ;
+---------------------------------------------+----------------------------+
; Estimated Total logic elements              ; 6,301                      ;
;                                             ;                            ;
; Total combinational functions               ; 3293                       ;
; Logic element usage by number of LUT inputs ;                            ;
;     -- 4 input functions                    ; 3115                       ;
;     -- 3 input functions                    ; 132                        ;
;     -- <=2 input functions                  ; 46                         ;
;                                             ;                            ;
; Logic elements by mode                      ;                            ;
;     -- normal mode                          ; 3258                       ;
;     -- arithmetic mode                      ; 35                         ;
;                                             ;                            ;
; Total registers                             ; 3111                       ;
;     -- Dedicated logic registers            ; 3111                       ;
;     -- I/O registers                        ; 0                          ;
;                                             ;                            ;
; I/O pins                                    ; 58                         ;
;                                             ;                            ;
; Embedded Multiplier 9-bit elements          ; 0                          ;
;                                             ;                            ;
; Maximum fan-out node                        ; divFreq:divisor|divF_clk_o ;
; Maximum fan-out                             ; 3079                       ;
; Total fan-out                               ; 22392                      ;
; Average fan-out                             ; 3.43                       ;
+---------------------------------------------+----------------------------+


+---------------------------------------------------------------------------------------------------------------------------------------------------------------------------------------------------------------------------------------------------------------------------------------------------+
; Analysis & Synthesis Resource Utilization by Entity                                                                                                                                                                                                                                               ;
+-------------------------------------------+---------------------+---------------------------+-------------+--------------+---------+-----------+------+--------------+------------------------------------------------------------------------------------------+------------------+--------------+
; Compilation Hierarchy Node                ; Combinational ALUTs ; Dedicated Logic Registers ; Memory Bits ; DSP Elements ; DSP 9x9 ; DSP 18x18 ; Pins ; Virtual Pins ; Full Hierarchy Name                                                                      ; Entity Name      ; Library Name ;
+-------------------------------------------+---------------------+---------------------------+-------------+--------------+---------+-----------+------+--------------+------------------------------------------------------------------------------------------+------------------+--------------+
; |monociclo_fpga                           ; 3293 (0)            ; 3111 (0)                  ; 0           ; 0            ; 0       ; 0         ; 58   ; 0            ; |monociclo_fpga                                                                          ; monociclo_fpga   ; work         ;
;    |Disp7segs:Disp0|                      ; 7 (7)               ; 0 (0)                     ; 0           ; 0            ; 0       ; 0         ; 0    ; 0            ; |monociclo_fpga|Disp7segs:Disp0                                                          ; Disp7segs        ; work         ;
;    |Disp7segs:Disp1|                      ; 7 (7)               ; 0 (0)                     ; 0           ; 0            ; 0       ; 0         ; 0    ; 0            ; |monociclo_fpga|Disp7segs:Disp1                                                          ; Disp7segs        ; work         ;
;    |Disp7segs:Disp2|                      ; 7 (7)               ; 0 (0)                     ; 0           ; 0            ; 0       ; 0         ; 0    ; 0            ; |monociclo_fpga|Disp7segs:Disp2                                                          ; Disp7segs        ; work         ;
;    |Disp7segs:Disp3|                      ; 7 (7)               ; 0 (0)                     ; 0           ; 0            ; 0       ; 0         ; 0    ; 0            ; |monociclo_fpga|Disp7segs:Disp3                                                          ; Disp7segs        ; work         ;
;    |Disp7segs:Disp4|                      ; 7 (7)               ; 0 (0)                     ; 0           ; 0            ; 0       ; 0         ; 0    ; 0            ; |monociclo_fpga|Disp7segs:Disp4                                                          ; Disp7segs        ; work         ;
;    |Disp7segs:Disp5|                      ; 7 (7)               ; 0 (0)                     ; 0           ; 0            ; 0       ; 0         ; 0    ; 0            ; |monociclo_fpga|Disp7segs:Disp5                                                          ; Disp7segs        ; work         ;
;    |Disp7segs:Disp6|                      ; 7 (7)               ; 0 (0)                     ; 0           ; 0            ; 0       ; 0         ; 0    ; 0            ; |monociclo_fpga|Disp7segs:Disp6                                                          ; Disp7segs        ; work         ;
;    |Disp7segs:Disp7|                      ; 7 (7)               ; 0 (0)                     ; 0           ; 0            ; 0       ; 0         ; 0    ; 0            ; |monociclo_fpga|Disp7segs:Disp7                                                          ; Disp7segs        ; work         ;
;    |divFreq:divisor|                      ; 56 (56)             ; 33 (33)                   ; 0           ; 0            ; 0       ; 0         ; 0    ; 0            ; |monociclo_fpga|divFreq:divisor                                                          ; divFreq          ; work         ;
;    |monociclo:PC|                         ; 3181 (173)          ; 3078 (6)                  ; 0           ; 0            ; 0       ; 0         ; 0    ; 0            ; |monociclo_fpga|monociclo:PC                                                             ; monociclo        ; work         ;
;       |ALUNBits:comb_169|                 ; 108 (0)             ; 0 (0)                     ; 0           ; 0            ; 0       ; 0         ; 0    ; 0            ; |monociclo_fpga|monociclo:PC|ALUNBits:comb_169                                           ; ALUNBits         ; work         ;
;          |ALU:alubucle[0].ALUBit0|        ; 2 (1)               ; 0 (0)                     ; 0           ; 0            ; 0       ; 0         ; 0    ; 0            ; |monociclo_fpga|monociclo:PC|ALUNBits:comb_169|ALU:alubucle[0].ALUBit0                   ; ALU              ; work         ;
;             |fulladder:fa1bit|            ; 1 (1)               ; 0 (0)                     ; 0           ; 0            ; 0       ; 0         ; 0    ; 0            ; |monociclo_fpga|monociclo:PC|ALUNBits:comb_169|ALU:alubucle[0].ALUBit0|fulladder:fa1bit  ; fulladder        ; work         ;
;          |ALU:alubucle[10].ALUBitX|       ; 3 (2)               ; 0 (0)                     ; 0           ; 0            ; 0       ; 0         ; 0    ; 0            ; |monociclo_fpga|monociclo:PC|ALUNBits:comb_169|ALU:alubucle[10].ALUBitX                  ; ALU              ; work         ;
;             |fulladder:fa1bit|            ; 1 (1)               ; 0 (0)                     ; 0           ; 0            ; 0       ; 0         ; 0    ; 0            ; |monociclo_fpga|monociclo:PC|ALUNBits:comb_169|ALU:alubucle[10].ALUBitX|fulladder:fa1bit ; fulladder        ; work         ;
;          |ALU:alubucle[11].ALUBitX|       ; 3 (2)               ; 0 (0)                     ; 0           ; 0            ; 0       ; 0         ; 0    ; 0            ; |monociclo_fpga|monociclo:PC|ALUNBits:comb_169|ALU:alubucle[11].ALUBitX                  ; ALU              ; work         ;
;             |fulladder:fa1bit|            ; 1 (1)               ; 0 (0)                     ; 0           ; 0            ; 0       ; 0         ; 0    ; 0            ; |monociclo_fpga|monociclo:PC|ALUNBits:comb_169|ALU:alubucle[11].ALUBitX|fulladder:fa1bit ; fulladder        ; work         ;
;          |ALU:alubucle[12].ALUBitX|       ; 3 (2)               ; 0 (0)                     ; 0           ; 0            ; 0       ; 0         ; 0    ; 0            ; |monociclo_fpga|monociclo:PC|ALUNBits:comb_169|ALU:alubucle[12].ALUBitX                  ; ALU              ; work         ;
;             |fulladder:fa1bit|            ; 1 (1)               ; 0 (0)                     ; 0           ; 0            ; 0       ; 0         ; 0    ; 0            ; |monociclo_fpga|monociclo:PC|ALUNBits:comb_169|ALU:alubucle[12].ALUBitX|fulladder:fa1bit ; fulladder        ; work         ;
;          |ALU:alubucle[13].ALUBitX|       ; 3 (2)               ; 0 (0)                     ; 0           ; 0            ; 0       ; 0         ; 0    ; 0            ; |monociclo_fpga|monociclo:PC|ALUNBits:comb_169|ALU:alubucle[13].ALUBitX                  ; ALU              ; work         ;
;             |fulladder:fa1bit|            ; 1 (1)               ; 0 (0)                     ; 0           ; 0            ; 0       ; 0         ; 0    ; 0            ; |monociclo_fpga|monociclo:PC|ALUNBits:comb_169|ALU:alubucle[13].ALUBitX|fulladder:fa1bit ; fulladder        ; work         ;
;          |ALU:alubucle[14].ALUBitX|       ; 3 (2)               ; 0 (0)                     ; 0           ; 0            ; 0       ; 0         ; 0    ; 0            ; |monociclo_fpga|monociclo:PC|ALUNBits:comb_169|ALU:alubucle[14].ALUBitX                  ; ALU              ; work         ;
;             |fulladder:fa1bit|            ; 1 (1)               ; 0 (0)                     ; 0           ; 0            ; 0       ; 0         ; 0    ; 0            ; |monociclo_fpga|monociclo:PC|ALUNBits:comb_169|ALU:alubucle[14].ALUBitX|fulladder:fa1bit ; fulladder        ; work         ;
;          |ALU:alubucle[15].ALUBitX|       ; 3 (2)               ; 0 (0)                     ; 0           ; 0            ; 0       ; 0         ; 0    ; 0            ; |monociclo_fpga|monociclo:PC|ALUNBits:comb_169|ALU:alubucle[15].ALUBitX                  ; ALU              ; work         ;
;             |fulladder:fa1bit|            ; 1 (1)               ; 0 (0)                     ; 0           ; 0            ; 0       ; 0         ; 0    ; 0            ; |monociclo_fpga|monociclo:PC|ALUNBits:comb_169|ALU:alubucle[15].ALUBitX|fulladder:fa1bit ; fulladder        ; work         ;
;          |ALU:alubucle[16].ALUBitX|       ; 3 (2)               ; 0 (0)                     ; 0           ; 0            ; 0       ; 0         ; 0    ; 0            ; |monociclo_fpga|monociclo:PC|ALUNBits:comb_169|ALU:alubucle[16].ALUBitX                  ; ALU              ; work         ;
;             |fulladder:fa1bit|            ; 1 (1)               ; 0 (0)                     ; 0           ; 0            ; 0       ; 0         ; 0    ; 0            ; |monociclo_fpga|monociclo:PC|ALUNBits:comb_169|ALU:alubucle[16].ALUBitX|fulladder:fa1bit ; fulladder        ; work         ;
;          |ALU:alubucle[17].ALUBitX|       ; 3 (2)               ; 0 (0)                     ; 0           ; 0            ; 0       ; 0         ; 0    ; 0            ; |monociclo_fpga|monociclo:PC|ALUNBits:comb_169|ALU:alubucle[17].ALUBitX                  ; ALU              ; work         ;
;             |fulladder:fa1bit|            ; 1 (1)               ; 0 (0)                     ; 0           ; 0            ; 0       ; 0         ; 0    ; 0            ; |monociclo_fpga|monociclo:PC|ALUNBits:comb_169|ALU:alubucle[17].ALUBitX|fulladder:fa1bit ; fulladder        ; work         ;
;          |ALU:alubucle[18].ALUBitX|       ; 3 (2)               ; 0 (0)                     ; 0           ; 0            ; 0       ; 0         ; 0    ; 0            ; |monociclo_fpga|monociclo:PC|ALUNBits:comb_169|ALU:alubucle[18].ALUBitX                  ; ALU              ; work         ;
;             |fulladder:fa1bit|            ; 1 (1)               ; 0 (0)                     ; 0           ; 0            ; 0       ; 0         ; 0    ; 0            ; |monociclo_fpga|monociclo:PC|ALUNBits:comb_169|ALU:alubucle[18].ALUBitX|fulladder:fa1bit ; fulladder        ; work         ;
;          |ALU:alubucle[19].ALUBitX|       ; 3 (2)               ; 0 (0)                     ; 0           ; 0            ; 0       ; 0         ; 0    ; 0            ; |monociclo_fpga|monociclo:PC|ALUNBits:comb_169|ALU:alubucle[19].ALUBitX                  ; ALU              ; work         ;
;             |fulladder:fa1bit|            ; 1 (1)               ; 0 (0)                     ; 0           ; 0            ; 0       ; 0         ; 0    ; 0            ; |monociclo_fpga|monociclo:PC|ALUNBits:comb_169|ALU:alubucle[19].ALUBitX|fulladder:fa1bit ; fulladder        ; work         ;
;          |ALU:alubucle[1].ALUBitX|        ; 2 (1)               ; 0 (0)                     ; 0           ; 0            ; 0       ; 0         ; 0    ; 0            ; |monociclo_fpga|monociclo:PC|ALUNBits:comb_169|ALU:alubucle[1].ALUBitX                   ; ALU              ; work         ;
;             |fulladder:fa1bit|            ; 1 (1)               ; 0 (0)                     ; 0           ; 0            ; 0       ; 0         ; 0    ; 0            ; |monociclo_fpga|monociclo:PC|ALUNBits:comb_169|ALU:alubucle[1].ALUBitX|fulladder:fa1bit  ; fulladder        ; work         ;
;          |ALU:alubucle[20].ALUBitX|       ; 3 (2)               ; 0 (0)                     ; 0           ; 0            ; 0       ; 0         ; 0    ; 0            ; |monociclo_fpga|monociclo:PC|ALUNBits:comb_169|ALU:alubucle[20].ALUBitX                  ; ALU              ; work         ;
;             |fulladder:fa1bit|            ; 1 (1)               ; 0 (0)                     ; 0           ; 0            ; 0       ; 0         ; 0    ; 0            ; |monociclo_fpga|monociclo:PC|ALUNBits:comb_169|ALU:alubucle[20].ALUBitX|fulladder:fa1bit ; fulladder        ; work         ;
;          |ALU:alubucle[21].ALUBitX|       ; 3 (2)               ; 0 (0)                     ; 0           ; 0            ; 0       ; 0         ; 0    ; 0            ; |monociclo_fpga|monociclo:PC|ALUNBits:comb_169|ALU:alubucle[21].ALUBitX                  ; ALU              ; work         ;
;             |fulladder:fa1bit|            ; 1 (1)               ; 0 (0)                     ; 0           ; 0            ; 0       ; 0         ; 0    ; 0            ; |monociclo_fpga|monociclo:PC|ALUNBits:comb_169|ALU:alubucle[21].ALUBitX|fulladder:fa1bit ; fulladder        ; work         ;
;          |ALU:alubucle[22].ALUBitX|       ; 3 (2)               ; 0 (0)                     ; 0           ; 0            ; 0       ; 0         ; 0    ; 0            ; |monociclo_fpga|monociclo:PC|ALUNBits:comb_169|ALU:alubucle[22].ALUBitX                  ; ALU              ; work         ;
;             |fulladder:fa1bit|            ; 1 (1)               ; 0 (0)                     ; 0           ; 0            ; 0       ; 0         ; 0    ; 0            ; |monociclo_fpga|monociclo:PC|ALUNBits:comb_169|ALU:alubucle[22].ALUBitX|fulladder:fa1bit ; fulladder        ; work         ;
;          |ALU:alubucle[23].ALUBitX|       ; 3 (2)               ; 0 (0)                     ; 0           ; 0            ; 0       ; 0         ; 0    ; 0            ; |monociclo_fpga|monociclo:PC|ALUNBits:comb_169|ALU:alubucle[23].ALUBitX                  ; ALU              ; work         ;
;             |fulladder:fa1bit|            ; 1 (1)               ; 0 (0)                     ; 0           ; 0            ; 0       ; 0         ; 0    ; 0            ; |monociclo_fpga|monociclo:PC|ALUNBits:comb_169|ALU:alubucle[23].ALUBitX|fulladder:fa1bit ; fulladder        ; work         ;
;          |ALU:alubucle[24].ALUBitX|       ; 3 (2)               ; 0 (0)                     ; 0           ; 0            ; 0       ; 0         ; 0    ; 0            ; |monociclo_fpga|monociclo:PC|ALUNBits:comb_169|ALU:alubucle[24].ALUBitX                  ; ALU              ; work         ;
;             |fulladder:fa1bit|            ; 1 (1)               ; 0 (0)                     ; 0           ; 0            ; 0       ; 0         ; 0    ; 0            ; |monociclo_fpga|monociclo:PC|ALUNBits:comb_169|ALU:alubucle[24].ALUBitX|fulladder:fa1bit ; fulladder        ; work         ;
;          |ALU:alubucle[25].ALUBitX|       ; 3 (2)               ; 0 (0)                     ; 0           ; 0            ; 0       ; 0         ; 0    ; 0            ; |monociclo_fpga|monociclo:PC|ALUNBits:comb_169|ALU:alubucle[25].ALUBitX                  ; ALU              ; work         ;
;             |fulladder:fa1bit|            ; 1 (1)               ; 0 (0)                     ; 0           ; 0            ; 0       ; 0         ; 0    ; 0            ; |monociclo_fpga|monociclo:PC|ALUNBits:comb_169|ALU:alubucle[25].ALUBitX|fulladder:fa1bit ; fulladder        ; work         ;
;          |ALU:alubucle[26].ALUBitX|       ; 3 (2)               ; 0 (0)                     ; 0           ; 0            ; 0       ; 0         ; 0    ; 0            ; |monociclo_fpga|monociclo:PC|ALUNBits:comb_169|ALU:alubucle[26].ALUBitX                  ; ALU              ; work         ;
;             |fulladder:fa1bit|            ; 1 (1)               ; 0 (0)                     ; 0           ; 0            ; 0       ; 0         ; 0    ; 0            ; |monociclo_fpga|monociclo:PC|ALUNBits:comb_169|ALU:alubucle[26].ALUBitX|fulladder:fa1bit ; fulladder        ; work         ;
;          |ALU:alubucle[27].ALUBitX|       ; 2 (1)               ; 0 (0)                     ; 0           ; 0            ; 0       ; 0         ; 0    ; 0            ; |monociclo_fpga|monociclo:PC|ALUNBits:comb_169|ALU:alubucle[27].ALUBitX                  ; ALU              ; work         ;
;             |fulladder:fa1bit|            ; 1 (1)               ; 0 (0)                     ; 0           ; 0            ; 0       ; 0         ; 0    ; 0            ; |monociclo_fpga|monociclo:PC|ALUNBits:comb_169|ALU:alubucle[27].ALUBitX|fulladder:fa1bit ; fulladder        ; work         ;
;          |ALU:alubucle[28].ALUBitX|       ; 2 (1)               ; 0 (0)                     ; 0           ; 0            ; 0       ; 0         ; 0    ; 0            ; |monociclo_fpga|monociclo:PC|ALUNBits:comb_169|ALU:alubucle[28].ALUBitX                  ; ALU              ; work         ;
;             |fulladder:fa1bit|            ; 1 (1)               ; 0 (0)                     ; 0           ; 0            ; 0       ; 0         ; 0    ; 0            ; |monociclo_fpga|monociclo:PC|ALUNBits:comb_169|ALU:alubucle[28].ALUBitX|fulladder:fa1bit ; fulladder        ; work         ;
;          |ALU:alubucle[29].ALUBitX|       ; 2 (1)               ; 0 (0)                     ; 0           ; 0            ; 0       ; 0         ; 0    ; 0            ; |monociclo_fpga|monociclo:PC|ALUNBits:comb_169|ALU:alubucle[29].ALUBitX                  ; ALU              ; work         ;
;             |fulladder:fa1bit|            ; 1 (1)               ; 0 (0)                     ; 0           ; 0            ; 0       ; 0         ; 0    ; 0            ; |monociclo_fpga|monociclo:PC|ALUNBits:comb_169|ALU:alubucle[29].ALUBitX|fulladder:fa1bit ; fulladder        ; work         ;
;          |ALU:alubucle[2].ALUBitX|        ; 6 (5)               ; 0 (0)                     ; 0           ; 0            ; 0       ; 0         ; 0    ; 0            ; |monociclo_fpga|monociclo:PC|ALUNBits:comb_169|ALU:alubucle[2].ALUBitX                   ; ALU              ; work         ;
;             |fulladder:fa1bit|            ; 1 (1)               ; 0 (0)                     ; 0           ; 0            ; 0       ; 0         ; 0    ; 0            ; |monociclo_fpga|monociclo:PC|ALUNBits:comb_169|ALU:alubucle[2].ALUBitX|fulladder:fa1bit  ; fulladder        ; work         ;
;          |ALU:alubucle[30].ALUBitX|       ; 2 (1)               ; 0 (0)                     ; 0           ; 0            ; 0       ; 0         ; 0    ; 0            ; |monociclo_fpga|monociclo:PC|ALUNBits:comb_169|ALU:alubucle[30].ALUBitX                  ; ALU              ; work         ;
;             |fulladder:fa1bit|            ; 1 (1)               ; 0 (0)                     ; 0           ; 0            ; 0       ; 0         ; 0    ; 0            ; |monociclo_fpga|monociclo:PC|ALUNBits:comb_169|ALU:alubucle[30].ALUBitX|fulladder:fa1bit ; fulladder        ; work         ;
;          |ALU:alubucle[3].ALUBitX|        ; 6 (5)               ; 0 (0)                     ; 0           ; 0            ; 0       ; 0         ; 0    ; 0            ; |monociclo_fpga|monociclo:PC|ALUNBits:comb_169|ALU:alubucle[3].ALUBitX                   ; ALU              ; work         ;
;             |fulladder:fa1bit|            ; 1 (1)               ; 0 (0)                     ; 0           ; 0            ; 0       ; 0         ; 0    ; 0            ; |monociclo_fpga|monociclo:PC|ALUNBits:comb_169|ALU:alubucle[3].ALUBitX|fulladder:fa1bit  ; fulladder        ; work         ;
;          |ALU:alubucle[4].ALUBitX|        ; 6 (5)               ; 0 (0)                     ; 0           ; 0            ; 0       ; 0         ; 0    ; 0            ; |monociclo_fpga|monociclo:PC|ALUNBits:comb_169|ALU:alubucle[4].ALUBitX                   ; ALU              ; work         ;
;             |fulladder:fa1bit|            ; 1 (1)               ; 0 (0)                     ; 0           ; 0            ; 0       ; 0         ; 0    ; 0            ; |monociclo_fpga|monociclo:PC|ALUNBits:comb_169|ALU:alubucle[4].ALUBitX|fulladder:fa1bit  ; fulladder        ; work         ;
;          |ALU:alubucle[5].ALUBitX|        ; 6 (5)               ; 0 (0)                     ; 0           ; 0            ; 0       ; 0         ; 0    ; 0            ; |monociclo_fpga|monociclo:PC|ALUNBits:comb_169|ALU:alubucle[5].ALUBitX                   ; ALU              ; work         ;
;             |fulladder:fa1bit|            ; 1 (1)               ; 0 (0)                     ; 0           ; 0            ; 0       ; 0         ; 0    ; 0            ; |monociclo_fpga|monociclo:PC|ALUNBits:comb_169|ALU:alubucle[5].ALUBitX|fulladder:fa1bit  ; fulladder        ; work         ;
;          |ALU:alubucle[6].ALUBitX|        ; 6 (5)               ; 0 (0)                     ; 0           ; 0            ; 0       ; 0         ; 0    ; 0            ; |monociclo_fpga|monociclo:PC|ALUNBits:comb_169|ALU:alubucle[6].ALUBitX                   ; ALU              ; work         ;
;             |fulladder:fa1bit|            ; 1 (1)               ; 0 (0)                     ; 0           ; 0            ; 0       ; 0         ; 0    ; 0            ; |monociclo_fpga|monociclo:PC|ALUNBits:comb_169|ALU:alubucle[6].ALUBitX|fulladder:fa1bit  ; fulladder        ; work         ;
;          |ALU:alubucle[7].ALUBitX|        ; 7 (6)               ; 0 (0)                     ; 0           ; 0            ; 0       ; 0         ; 0    ; 0            ; |monociclo_fpga|monociclo:PC|ALUNBits:comb_169|ALU:alubucle[7].ALUBitX                   ; ALU              ; work         ;
;             |fulladder:fa1bit|            ; 1 (1)               ; 0 (0)                     ; 0           ; 0            ; 0       ; 0         ; 0    ; 0            ; |monociclo_fpga|monociclo:PC|ALUNBits:comb_169|ALU:alubucle[7].ALUBitX|fulladder:fa1bit  ; fulladder        ; work         ;
;          |ALU:alubucle[8].ALUBitX|        ; 3 (2)               ; 0 (0)                     ; 0           ; 0            ; 0       ; 0         ; 0    ; 0            ; |monociclo_fpga|monociclo:PC|ALUNBits:comb_169|ALU:alubucle[8].ALUBitX                   ; ALU              ; work         ;
;             |fulladder:fa1bit|            ; 1 (1)               ; 0 (0)                     ; 0           ; 0            ; 0       ; 0         ; 0    ; 0            ; |monociclo_fpga|monociclo:PC|ALUNBits:comb_169|ALU:alubucle[8].ALUBitX|fulladder:fa1bit  ; fulladder        ; work         ;
;          |ALU:alubucle[9].ALUBitX|        ; 3 (2)               ; 0 (0)                     ; 0           ; 0            ; 0       ; 0         ; 0    ; 0            ; |monociclo_fpga|monociclo:PC|ALUNBits:comb_169|ALU:alubucle[9].ALUBitX                   ; ALU              ; work         ;
;             |fulladder:fa1bit|            ; 1 (1)               ; 0 (0)                     ; 0           ; 0            ; 0       ; 0         ; 0    ; 0            ; |monociclo_fpga|monociclo:PC|ALUNBits:comb_169|ALU:alubucle[9].ALUBitX|fulladder:fa1bit  ; fulladder        ; work         ;
;          |ALUBitN:alubucle[31].ALUBitN_1| ; 2 (2)               ; 0 (0)                     ; 0           ; 0            ; 0       ; 0         ; 0    ; 0            ; |monociclo_fpga|monociclo:PC|ALUNBits:comb_169|ALUBitN:alubucle[31].ALUBitN_1            ; ALUBitN          ; work         ;
;       |dcache:memoria_mem|                ; 1418 (1418)         ; 2048 (2048)               ; 0           ; 0            ; 0       ; 0         ; 0    ; 0            ; |monociclo_fpga|monociclo:PC|dcache:memoria_mem                                          ; dcache           ; work         ;
;       |decodificador:decode_u0|           ; 5 (5)               ; 0 (0)                     ; 0           ; 0            ; 0       ; 0         ; 0    ; 0            ; |monociclo_fpga|monociclo:PC|decodificador:decode_u0                                     ; decodificador    ; work         ;
;       |extensiondesigno:extend_u3|        ; 1 (1)               ; 0 (0)                     ; 0           ; 0            ; 0       ; 0         ; 0    ; 0            ; |monociclo_fpga|monociclo:PC|extensiondesigno:extend_u3                                  ; extensiondesigno ; work         ;
;       |icache:icache_u0|                  ; 82 (82)             ; 0 (0)                     ; 0           ; 0            ; 0       ; 0         ; 0    ; 0            ; |monociclo_fpga|monociclo:PC|icache:icache_u0                                            ; icache           ; work         ;
;       |regfile:registerFile_u0|           ; 1394 (1394)         ; 1024 (1024)               ; 0           ; 0            ; 0       ; 0         ; 0    ; 0            ; |monociclo_fpga|monociclo:PC|regfile:registerFile_u0                                     ; regfile          ; work         ;
+-------------------------------------------+---------------------+---------------------------+-------------+--------------+---------+-----------+------+--------------+------------------------------------------------------------------------------------------+------------------+--------------+
Note: For table entries with two numbers listed, the numbers in parentheses indicate the number of resources of the given type used by the specific entity alone. The numbers listed outside of parentheses indicate the total resources of the given type used by the specific entity and all of its sub-entities in the hierarchy.


+-------------------------------------------------------------+
; Registers Removed During Synthesis                          ;
+----------------------------------------+--------------------+
; Register name                          ; Reason for Removal ;
+----------------------------------------+--------------------+
; monociclo:PC|pc_r[8..31]               ; Lost fanout        ;
; Total Number of Removed Registers = 24 ;                    ;
+----------------------------------------+--------------------+


+------------------------------------------------------+
; General Register Statistics                          ;
+----------------------------------------------+-------+
; Statistic                                    ; Value ;
+----------------------------------------------+-------+
; Total registers                              ; 3111  ;
; Number of registers using Synchronous Clear  ; 0     ;
; Number of registers using Synchronous Load   ; 0     ;
; Number of registers using Asynchronous Clear ; 39    ;
; Number of registers using Asynchronous Load  ; 0     ;
; Number of registers using Clock Enable       ; 3072  ;
; Number of registers using Preset             ; 0     ;
+----------------------------------------------+-------+


+--------------------------------------------------+
; Inverted Register Statistics                     ;
+----------------------------------------+---------+
; Inverted Register                      ; Fan out ;
+----------------------------------------+---------+
; divFreq:divisor|divF_clk_o             ; 3079    ;
; Total number of inverted registers = 1 ;         ;
+----------------------------------------+---------+


+-------------------------------------------------------------------------------------------------------------------------------------------------------------------------------------------+
; Multiplexer Restructuring Statistics (Restructuring Performed)                                                                                                                            ;
+--------------------+-----------+---------------+----------------------+------------------------+------------+-----------------------------------------------------------------------------+
; Multiplexer Inputs ; Bus Width ; Baseline Area ; Area if Restructured ; Saving if Restructured ; Registered ; Example Multiplexer Output                                                  ;
+--------------------+-----------+---------------+----------------------+------------------------+------------+-----------------------------------------------------------------------------+
; 8:1                ; 6 bits    ; 30 LEs        ; 24 LEs               ; 6 LEs                  ; No         ; |monociclo_fpga|monociclo:PC|ALUNBits:comb_169|ALU:alubucle[3].ALUBitX|Mux0 ;
; 9:1                ; 24 bits   ; 144 LEs       ; 96 LEs               ; 48 LEs                 ; No         ; |monociclo_fpga|monociclo:PC|wb_resultado_o[29]                             ;
; 33:1               ; 4 bits    ; 88 LEs        ; 16 LEs               ; 72 LEs                 ; No         ; |monociclo_fpga|monociclo:PC|muxalu_dato_o[4]                               ;
+--------------------+-----------+---------------+----------------------+------------------------+------------+-----------------------------------------------------------------------------+


+--------------------------------------------------------------------------------------+
; Parameter Settings for User Entity Instance: monociclo:PC|extensiondesigno:extend_u3 ;
+----------------+-------+-------------------------------------------------------------+
; Parameter Name ; Value ; Type                                                        ;
+----------------+-------+-------------------------------------------------------------+
; IMM            ; 20    ; Signed Integer                                              ;
+----------------+-------+-------------------------------------------------------------+
Note: In order to hide this table in the UI and the text report file, please set the "Show Parameter Settings in Synthesis Report" option in "Analysis and Synthesis Settings -> More Settings" to "Off".


+-----------------------------------------------------------------------------+
; Parameter Settings for User Entity Instance: monociclo:PC|ALUNBits:comb_169 ;
+----------------+-------+----------------------------------------------------+
; Parameter Name ; Value ; Type                                               ;
+----------------+-------+----------------------------------------------------+
; N              ; 32    ; Signed Integer                                     ;
+----------------+-------+----------------------------------------------------+
Note: In order to hide this table in the UI and the text report file, please set the "Show Parameter Settings in Synthesis Report" option in "Analysis and Synthesis Settings -> More Settings" to "Off".


+-------------------------------------------------------------------------------------------+
; Port Connectivity Checks: "monociclo:PC|ALUNBits:comb_169|ALUBitN:alubucle[31].ALUBitN_1" ;
+----------------+-------+----------+-------------------------------------------------------+
; Port           ; Type  ; Severity ; Details                                               ;
+----------------+-------+----------+-------------------------------------------------------+
; less_i         ; Input ; Info     ; Stuck at GND                                          ;
; lessunsigned_i ; Input ; Info     ; Stuck at GND                                          ;
+----------------+-------+----------+-------------------------------------------------------+


+-------------------------------------------------------------------------------------+
; Port Connectivity Checks: "monociclo:PC|ALUNBits:comb_169|ALU:alubucle[30].ALUBitX" ;
+----------------+-------+----------+-------------------------------------------------+
; Port           ; Type  ; Severity ; Details                                         ;
+----------------+-------+----------+-------------------------------------------------+
; less_i         ; Input ; Info     ; Stuck at GND                                    ;
; lessunsigned_i ; Input ; Info     ; Stuck at GND                                    ;
+----------------+-------+----------+-------------------------------------------------+


+-------------------------------------------------------------------------------------+
; Port Connectivity Checks: "monociclo:PC|ALUNBits:comb_169|ALU:alubucle[29].ALUBitX" ;
+----------------+-------+----------+-------------------------------------------------+
; Port           ; Type  ; Severity ; Details                                         ;
+----------------+-------+----------+-------------------------------------------------+
; less_i         ; Input ; Info     ; Stuck at GND                                    ;
; lessunsigned_i ; Input ; Info     ; Stuck at GND                                    ;
+----------------+-------+----------+-------------------------------------------------+


+-------------------------------------------------------------------------------------+
; Port Connectivity Checks: "monociclo:PC|ALUNBits:comb_169|ALU:alubucle[28].ALUBitX" ;
+----------------+-------+----------+-------------------------------------------------+
; Port           ; Type  ; Severity ; Details                                         ;
+----------------+-------+----------+-------------------------------------------------+
; less_i         ; Input ; Info     ; Stuck at GND                                    ;
; lessunsigned_i ; Input ; Info     ; Stuck at GND                                    ;
+----------------+-------+----------+-------------------------------------------------+


+-------------------------------------------------------------------------------------+
; Port Connectivity Checks: "monociclo:PC|ALUNBits:comb_169|ALU:alubucle[27].ALUBitX" ;
+----------------+-------+----------+-------------------------------------------------+
; Port           ; Type  ; Severity ; Details                                         ;
+----------------+-------+----------+-------------------------------------------------+
; less_i         ; Input ; Info     ; Stuck at GND                                    ;
; lessunsigned_i ; Input ; Info     ; Stuck at GND                                    ;
+----------------+-------+----------+-------------------------------------------------+


+-------------------------------------------------------------------------------------+
; Port Connectivity Checks: "monociclo:PC|ALUNBits:comb_169|ALU:alubucle[26].ALUBitX" ;
+----------------+-------+----------+-------------------------------------------------+
; Port           ; Type  ; Severity ; Details                                         ;
+----------------+-------+----------+-------------------------------------------------+
; less_i         ; Input ; Info     ; Stuck at GND                                    ;
; lessunsigned_i ; Input ; Info     ; Stuck at GND                                    ;
+----------------+-------+----------+-------------------------------------------------+


+-------------------------------------------------------------------------------------+
; Port Connectivity Checks: "monociclo:PC|ALUNBits:comb_169|ALU:alubucle[25].ALUBitX" ;
+----------------+-------+----------+-------------------------------------------------+
; Port           ; Type  ; Severity ; Details                                         ;
+----------------+-------+----------+-------------------------------------------------+
; less_i         ; Input ; Info     ; Stuck at GND                                    ;
; lessunsigned_i ; Input ; Info     ; Stuck at GND                                    ;
+----------------+-------+----------+-------------------------------------------------+


+-------------------------------------------------------------------------------------+
; Port Connectivity Checks: "monociclo:PC|ALUNBits:comb_169|ALU:alubucle[24].ALUBitX" ;
+----------------+-------+----------+-------------------------------------------------+
; Port           ; Type  ; Severity ; Details                                         ;
+----------------+-------+----------+-------------------------------------------------+
; less_i         ; Input ; Info     ; Stuck at GND                                    ;
; lessunsigned_i ; Input ; Info     ; Stuck at GND                                    ;
+----------------+-------+----------+-------------------------------------------------+


+-------------------------------------------------------------------------------------+
; Port Connectivity Checks: "monociclo:PC|ALUNBits:comb_169|ALU:alubucle[23].ALUBitX" ;
+----------------+-------+----------+-------------------------------------------------+
; Port           ; Type  ; Severity ; Details                                         ;
+----------------+-------+----------+-------------------------------------------------+
; less_i         ; Input ; Info     ; Stuck at GND                                    ;
; lessunsigned_i ; Input ; Info     ; Stuck at GND                                    ;
+----------------+-------+----------+-------------------------------------------------+


+-------------------------------------------------------------------------------------+
; Port Connectivity Checks: "monociclo:PC|ALUNBits:comb_169|ALU:alubucle[22].ALUBitX" ;
+----------------+-------+----------+-------------------------------------------------+
; Port           ; Type  ; Severity ; Details                                         ;
+----------------+-------+----------+-------------------------------------------------+
; less_i         ; Input ; Info     ; Stuck at GND                                    ;
; lessunsigned_i ; Input ; Info     ; Stuck at GND                                    ;
+----------------+-------+----------+-------------------------------------------------+


+-------------------------------------------------------------------------------------+
; Port Connectivity Checks: "monociclo:PC|ALUNBits:comb_169|ALU:alubucle[21].ALUBitX" ;
+----------------+-------+----------+-------------------------------------------------+
; Port           ; Type  ; Severity ; Details                                         ;
+----------------+-------+----------+-------------------------------------------------+
; less_i         ; Input ; Info     ; Stuck at GND                                    ;
; lessunsigned_i ; Input ; Info     ; Stuck at GND                                    ;
+----------------+-------+----------+-------------------------------------------------+


+-------------------------------------------------------------------------------------+
; Port Connectivity Checks: "monociclo:PC|ALUNBits:comb_169|ALU:alubucle[20].ALUBitX" ;
+----------------+-------+----------+-------------------------------------------------+
; Port           ; Type  ; Severity ; Details                                         ;
+----------------+-------+----------+-------------------------------------------------+
; less_i         ; Input ; Info     ; Stuck at GND                                    ;
; lessunsigned_i ; Input ; Info     ; Stuck at GND                                    ;
+----------------+-------+----------+-------------------------------------------------+


+-------------------------------------------------------------------------------------+
; Port Connectivity Checks: "monociclo:PC|ALUNBits:comb_169|ALU:alubucle[19].ALUBitX" ;
+----------------+-------+----------+-------------------------------------------------+
; Port           ; Type  ; Severity ; Details                                         ;
+----------------+-------+----------+-------------------------------------------------+
; less_i         ; Input ; Info     ; Stuck at GND                                    ;
; lessunsigned_i ; Input ; Info     ; Stuck at GND                                    ;
+----------------+-------+----------+-------------------------------------------------+


+-------------------------------------------------------------------------------------+
; Port Connectivity Checks: "monociclo:PC|ALUNBits:comb_169|ALU:alubucle[18].ALUBitX" ;
+----------------+-------+----------+-------------------------------------------------+
; Port           ; Type  ; Severity ; Details                                         ;
+----------------+-------+----------+-------------------------------------------------+
; less_i         ; Input ; Info     ; Stuck at GND                                    ;
; lessunsigned_i ; Input ; Info     ; Stuck at GND                                    ;
+----------------+-------+----------+-------------------------------------------------+


+-------------------------------------------------------------------------------------+
; Port Connectivity Checks: "monociclo:PC|ALUNBits:comb_169|ALU:alubucle[17].ALUBitX" ;
+----------------+-------+----------+-------------------------------------------------+
; Port           ; Type  ; Severity ; Details                                         ;
+----------------+-------+----------+-------------------------------------------------+
; less_i         ; Input ; Info     ; Stuck at GND                                    ;
; lessunsigned_i ; Input ; Info     ; Stuck at GND                                    ;
+----------------+-------+----------+-------------------------------------------------+


+-------------------------------------------------------------------------------------+
; Port Connectivity Checks: "monociclo:PC|ALUNBits:comb_169|ALU:alubucle[16].ALUBitX" ;
+----------------+-------+----------+-------------------------------------------------+
; Port           ; Type  ; Severity ; Details                                         ;
+----------------+-------+----------+-------------------------------------------------+
; less_i         ; Input ; Info     ; Stuck at GND                                    ;
; lessunsigned_i ; Input ; Info     ; Stuck at GND                                    ;
+----------------+-------+----------+-------------------------------------------------+


+-------------------------------------------------------------------------------------+
; Port Connectivity Checks: "monociclo:PC|ALUNBits:comb_169|ALU:alubucle[15].ALUBitX" ;
+----------------+-------+----------+-------------------------------------------------+
; Port           ; Type  ; Severity ; Details                                         ;
+----------------+-------+----------+-------------------------------------------------+
; less_i         ; Input ; Info     ; Stuck at GND                                    ;
; lessunsigned_i ; Input ; Info     ; Stuck at GND                                    ;
+----------------+-------+----------+-------------------------------------------------+


+-------------------------------------------------------------------------------------+
; Port Connectivity Checks: "monociclo:PC|ALUNBits:comb_169|ALU:alubucle[14].ALUBitX" ;
+----------------+-------+----------+-------------------------------------------------+
; Port           ; Type  ; Severity ; Details                                         ;
+----------------+-------+----------+-------------------------------------------------+
; less_i         ; Input ; Info     ; Stuck at GND                                    ;
; lessunsigned_i ; Input ; Info     ; Stuck at GND                                    ;
+----------------+-------+----------+-------------------------------------------------+


+-------------------------------------------------------------------------------------+
; Port Connectivity Checks: "monociclo:PC|ALUNBits:comb_169|ALU:alubucle[13].ALUBitX" ;
+----------------+-------+----------+-------------------------------------------------+
; Port           ; Type  ; Severity ; Details                                         ;
+----------------+-------+----------+-------------------------------------------------+
; less_i         ; Input ; Info     ; Stuck at GND                                    ;
; lessunsigned_i ; Input ; Info     ; Stuck at GND                                    ;
+----------------+-------+----------+-------------------------------------------------+


+-------------------------------------------------------------------------------------+
; Port Connectivity Checks: "monociclo:PC|ALUNBits:comb_169|ALU:alubucle[12].ALUBitX" ;
+----------------+-------+----------+-------------------------------------------------+
; Port           ; Type  ; Severity ; Details                                         ;
+----------------+-------+----------+-------------------------------------------------+
; less_i         ; Input ; Info     ; Stuck at GND                                    ;
; lessunsigned_i ; Input ; Info     ; Stuck at GND                                    ;
+----------------+-------+----------+-------------------------------------------------+


+-------------------------------------------------------------------------------------+
; Port Connectivity Checks: "monociclo:PC|ALUNBits:comb_169|ALU:alubucle[11].ALUBitX" ;
+----------------+-------+----------+-------------------------------------------------+
; Port           ; Type  ; Severity ; Details                                         ;
+----------------+-------+----------+-------------------------------------------------+
; less_i         ; Input ; Info     ; Stuck at GND                                    ;
; lessunsigned_i ; Input ; Info     ; Stuck at GND                                    ;
+----------------+-------+----------+-------------------------------------------------+


+-------------------------------------------------------------------------------------+
; Port Connectivity Checks: "monociclo:PC|ALUNBits:comb_169|ALU:alubucle[10].ALUBitX" ;
+----------------+-------+----------+-------------------------------------------------+
; Port           ; Type  ; Severity ; Details                                         ;
+----------------+-------+----------+-------------------------------------------------+
; less_i         ; Input ; Info     ; Stuck at GND                                    ;
; lessunsigned_i ; Input ; Info     ; Stuck at GND                                    ;
+----------------+-------+----------+-------------------------------------------------+


+------------------------------------------------------------------------------------+
; Port Connectivity Checks: "monociclo:PC|ALUNBits:comb_169|ALU:alubucle[9].ALUBitX" ;
+----------------+-------+----------+------------------------------------------------+
; Port           ; Type  ; Severity ; Details                                        ;
+----------------+-------+----------+------------------------------------------------+
; less_i         ; Input ; Info     ; Stuck at GND                                   ;
; lessunsigned_i ; Input ; Info     ; Stuck at GND                                   ;
+----------------+-------+----------+------------------------------------------------+


+------------------------------------------------------------------------------------+
; Port Connectivity Checks: "monociclo:PC|ALUNBits:comb_169|ALU:alubucle[8].ALUBitX" ;
+----------------+-------+----------+------------------------------------------------+
; Port           ; Type  ; Severity ; Details                                        ;
+----------------+-------+----------+------------------------------------------------+
; less_i         ; Input ; Info     ; Stuck at GND                                   ;
; lessunsigned_i ; Input ; Info     ; Stuck at GND                                   ;
+----------------+-------+----------+------------------------------------------------+


+------------------------------------------------------------------------------------+
; Port Connectivity Checks: "monociclo:PC|ALUNBits:comb_169|ALU:alubucle[7].ALUBitX" ;
+----------------+-------+----------+------------------------------------------------+
; Port           ; Type  ; Severity ; Details                                        ;
+----------------+-------+----------+------------------------------------------------+
; less_i         ; Input ; Info     ; Stuck at GND                                   ;
; lessunsigned_i ; Input ; Info     ; Stuck at GND                                   ;
+----------------+-------+----------+------------------------------------------------+


+------------------------------------------------------------------------------------+
; Port Connectivity Checks: "monociclo:PC|ALUNBits:comb_169|ALU:alubucle[6].ALUBitX" ;
+----------------+-------+----------+------------------------------------------------+
; Port           ; Type  ; Severity ; Details                                        ;
+----------------+-------+----------+------------------------------------------------+
; less_i         ; Input ; Info     ; Stuck at GND                                   ;
; lessunsigned_i ; Input ; Info     ; Stuck at GND                                   ;
+----------------+-------+----------+------------------------------------------------+


+------------------------------------------------------------------------------------+
; Port Connectivity Checks: "monociclo:PC|ALUNBits:comb_169|ALU:alubucle[5].ALUBitX" ;
+----------------+-------+----------+------------------------------------------------+
; Port           ; Type  ; Severity ; Details                                        ;
+----------------+-------+----------+------------------------------------------------+
; less_i         ; Input ; Info     ; Stuck at GND                                   ;
; lessunsigned_i ; Input ; Info     ; Stuck at GND                                   ;
+----------------+-------+----------+------------------------------------------------+


+------------------------------------------------------------------------------------+
; Port Connectivity Checks: "monociclo:PC|ALUNBits:comb_169|ALU:alubucle[4].ALUBitX" ;
+----------------+-------+----------+------------------------------------------------+
; Port           ; Type  ; Severity ; Details                                        ;
+----------------+-------+----------+------------------------------------------------+
; less_i         ; Input ; Info     ; Stuck at GND                                   ;
; lessunsigned_i ; Input ; Info     ; Stuck at GND                                   ;
+----------------+-------+----------+------------------------------------------------+


+------------------------------------------------------------------------------------+
; Port Connectivity Checks: "monociclo:PC|ALUNBits:comb_169|ALU:alubucle[3].ALUBitX" ;
+----------------+-------+----------+------------------------------------------------+
; Port           ; Type  ; Severity ; Details                                        ;
+----------------+-------+----------+------------------------------------------------+
; less_i         ; Input ; Info     ; Stuck at GND                                   ;
; lessunsigned_i ; Input ; Info     ; Stuck at GND                                   ;
+----------------+-------+----------+------------------------------------------------+


+------------------------------------------------------------------------------------+
; Port Connectivity Checks: "monociclo:PC|ALUNBits:comb_169|ALU:alubucle[2].ALUBitX" ;
+----------------+-------+----------+------------------------------------------------+
; Port           ; Type  ; Severity ; Details                                        ;
+----------------+-------+----------+------------------------------------------------+
; less_i         ; Input ; Info     ; Stuck at GND                                   ;
; lessunsigned_i ; Input ; Info     ; Stuck at GND                                   ;
+----------------+-------+----------+------------------------------------------------+


+------------------------------------------------------------------------------------+
; Port Connectivity Checks: "monociclo:PC|ALUNBits:comb_169|ALU:alubucle[1].ALUBitX" ;
+----------------+-------+----------+------------------------------------------------+
; Port           ; Type  ; Severity ; Details                                        ;
+----------------+-------+----------+------------------------------------------------+
; less_i         ; Input ; Info     ; Stuck at GND                                   ;
; lessunsigned_i ; Input ; Info     ; Stuck at GND                                   ;
+----------------+-------+----------+------------------------------------------------+


+--------------------------------------------------------------------------------------------------------------------------+
; Port Connectivity Checks: "monociclo:PC|ALUNBits:comb_169"                                                               ;
+----------------+--------+----------+-------------------------------------------------------------------------------------+
; Port           ; Type   ; Severity ; Details                                                                             ;
+----------------+--------+----------+-------------------------------------------------------------------------------------+
; less_i         ; Input  ; Info     ; Explicitly unconnected                                                              ;
; lessunsigned_i ; Input  ; Info     ; Explicitly unconnected                                                              ;
; c_o            ; Output ; Info     ; Connected to dangling logic. Logic that only feeds a dangling port will be removed. ;
; set_o          ; Output ; Info     ; Explicitly unconnected                                                              ;
; setunsigned_o  ; Output ; Info     ; Explicitly unconnected                                                              ;
+----------------+--------+----------+-------------------------------------------------------------------------------------+


+-----------------------------------------------------+
; Post-Synthesis Netlist Statistics for Top Partition ;
+-----------------------+-----------------------------+
; Type                  ; Count                       ;
+-----------------------+-----------------------------+
; boundary_port         ; 58                          ;
; cycloneiii_ff         ; 3111                        ;
;     CLR               ; 39                          ;
;     ENA               ; 3072                        ;
; cycloneiii_lcell_comb ; 3301                        ;
;     arith             ; 35                          ;
;         2 data inputs ; 34                          ;
;         3 data inputs ; 1                           ;
;     normal            ; 3266                        ;
;         1 data inputs ; 11                          ;
;         2 data inputs ; 9                           ;
;         3 data inputs ; 131                         ;
;         4 data inputs ; 3115                        ;
;                       ;                             ;
; Max LUT depth         ; 44.00                       ;
; Average LUT depth     ; 19.81                       ;
+-----------------------+-----------------------------+


+-------------------------------+
; Elapsed Time Per Partition    ;
+----------------+--------------+
; Partition Name ; Elapsed Time ;
+----------------+--------------+
; Top            ; 00:00:14     ;
+----------------+--------------+


+-------------------------------+
; Analysis & Synthesis Messages ;
+-------------------------------+
Info: *******************************************************************
Info: Running Quartus Prime Analysis & Synthesis
    Info: Version 18.0.0 Build 614 04/24/2018 SJ Lite Edition
    Info: Processing started: Fri May 17 06:48:52 2024
Info: Command: quartus_map --read_settings_files=on --write_settings_files=off monociclo_fpga -c monociclo_fpga
Warning (18236): Number of processors has not been specified which may cause overloading on shared machines.  Set the global assignment NUM_PARALLEL_PROCESSORS in your QSF to an appropriate value for best performance.
Info (20030): Parallel compilation is enabled and will use 4 of the 4 processors detected
Info (12021): Found 1 design units, including 1 entities, in source file decodificador/decodificador.v
    Info (12023): Found entity 1: decodificador File: C:/Users/Xehcl/OneDrive/Documentos/Arquitectura de computadoras/monociclo_fpga/decodificador/decodificador.v Line: 14
Info (12021): Found 1 design units, including 1 entities, in source file extensiondesigno/extensiondesigno.v
    Info (12023): Found entity 1: extensiondesigno File: C:/Users/Xehcl/OneDrive/Documentos/Arquitectura de computadoras/monociclo_fpga/extensiondesigno/extensiondesigno.v Line: 15
Info (12021): Found 1 design units, including 1 entities, in source file alu/shift.v
    Info (12023): Found entity 1: shift File: C:/Users/Xehcl/OneDrive/Documentos/Arquitectura de computadoras/monociclo_fpga/ALU/shift.v Line: 1
Info (12021): Found 1 design units, including 1 entities, in source file alu/alu.v
    Info (12023): Found entity 1: ALU File: C:/Users/Xehcl/OneDrive/Documentos/Arquitectura de computadoras/monociclo_fpga/ALU/ALU.v Line: 1
Info (12021): Found 1 design units, including 1 entities, in source file alu/fulladder/fulladder.v
    Info (12023): Found entity 1: fulladder File: C:/Users/Xehcl/OneDrive/Documentos/Arquitectura de computadoras/monociclo_fpga/ALU/fulladder/fulladder.v Line: 6
Info (12021): Found 1 design units, including 1 entities, in source file alu/alunbits.v
    Info (12023): Found entity 1: ALUNBits File: C:/Users/Xehcl/OneDrive/Documentos/Arquitectura de computadoras/monociclo_fpga/ALU/ALUNBits.v Line: 4
Info (12021): Found 1 design units, including 1 entities, in source file alu/alubitn.v
    Info (12023): Found entity 1: ALUBitN File: C:/Users/Xehcl/OneDrive/Documentos/Arquitectura de computadoras/monociclo_fpga/ALU/ALUBitN.v Line: 1
Info (12021): Found 1 design units, including 1 entities, in source file monociclo/monociclo.v
    Info (12023): Found entity 1: monociclo File: C:/Users/Xehcl/OneDrive/Documentos/Arquitectura de computadoras/monociclo_fpga/monociclo/monociclo.v Line: 16
Info (12021): Found 1 design units, including 1 entities, in source file disp7segs.v
    Info (12023): Found entity 1: Disp7segs File: C:/Users/Xehcl/OneDrive/Documentos/Arquitectura de computadoras/monociclo_fpga/Disp7segs.v Line: 1
Info (12021): Found 1 design units, including 1 entities, in source file monociclo_fpga.v
    Info (12023): Found entity 1: monociclo_fpga File: C:/Users/Xehcl/OneDrive/Documentos/Arquitectura de computadoras/monociclo_fpga/monociclo_fpga.v Line: 16
Info (12021): Found 1 design units, including 1 entities, in source file divfreq.v
    Info (12023): Found entity 1: divFreq File: C:/Users/Xehcl/OneDrive/Documentos/Arquitectura de computadoras/monociclo_fpga/divFreq.v Line: 14
Info (12021): Found 1 design units, including 1 entities, in source file icache/icache.v
    Info (12023): Found entity 1: icache File: C:/Users/Xehcl/OneDrive/Documentos/Arquitectura de computadoras/monociclo_fpga/icache/icache.v Line: 14
Info (12021): Found 1 design units, including 1 entities, in source file regfile/regfile.v
    Info (12023): Found entity 1: regfile File: C:/Users/Xehcl/OneDrive/Documentos/Arquitectura de computadoras/monociclo_fpga/regfile/regfile.v Line: 2
Info (12021): Found 1 design units, including 1 entities, in source file dcache/dcache.v
    Info (12023): Found entity 1: dcache File: C:/Users/Xehcl/OneDrive/Documentos/Arquitectura de computadoras/monociclo_fpga/dcache/dcache.v Line: 16
Warning (10236): Verilog HDL Implicit Net warning at monociclo.v(83): created implicit net for "id_regwrite_o" File: C:/Users/Xehcl/OneDrive/Documentos/Arquitectura de computadoras/monociclo_fpga/monociclo/monociclo.v Line: 83
Warning (10236): Verilog HDL Implicit Net warning at monociclo.v(84): created implicit net for "id_alusrc_o" File: C:/Users/Xehcl/OneDrive/Documentos/Arquitectura de computadoras/monociclo_fpga/monociclo/monociclo.v Line: 84
Critical Warning (10846): Verilog HDL Instantiation warning at monociclo.v(134): instance has no name File: C:/Users/Xehcl/OneDrive/Documentos/Arquitectura de computadoras/monociclo_fpga/monociclo/monociclo.v Line: 134
Info (12127): Elaborating entity "monociclo_fpga" for the top level hierarchy
Info (12128): Elaborating entity "monociclo" for hierarchy "monociclo:PC" File: C:/Users/Xehcl/OneDrive/Documentos/Arquitectura de computadoras/monociclo_fpga/monociclo_fpga.v Line: 41
Info (12128): Elaborating entity "icache" for hierarchy "monociclo:PC|icache:icache_u0" File: C:/Users/Xehcl/OneDrive/Documentos/Arquitectura de computadoras/monociclo_fpga/monociclo/monociclo.v Line: 74
Warning (10850): Verilog HDL warning at icache.v(27): number of words (39) in memory file does not match the number of elements in the address range [0:63] File: C:/Users/Xehcl/OneDrive/Documentos/Arquitectura de computadoras/monociclo_fpga/icache/icache.v Line: 27
Warning (10030): Net "memoria.data_a" at icache.v(21) has no driver or initial value, using a default initial value '0' File: C:/Users/Xehcl/OneDrive/Documentos/Arquitectura de computadoras/monociclo_fpga/icache/icache.v Line: 21
Warning (10030): Net "memoria.waddr_a" at icache.v(21) has no driver or initial value, using a default initial value '0' File: C:/Users/Xehcl/OneDrive/Documentos/Arquitectura de computadoras/monociclo_fpga/icache/icache.v Line: 21
Warning (10030): Net "memoria.we_a" at icache.v(21) has no driver or initial value, using a default initial value '0' File: C:/Users/Xehcl/OneDrive/Documentos/Arquitectura de computadoras/monociclo_fpga/icache/icache.v Line: 21
Info (12128): Elaborating entity "decodificador" for hierarchy "monociclo:PC|decodificador:decode_u0" File: C:/Users/Xehcl/OneDrive/Documentos/Arquitectura de computadoras/monociclo_fpga/monociclo/monociclo.v Line: 88
Info (12128): Elaborating entity "regfile" for hierarchy "monociclo:PC|regfile:registerFile_u0" File: C:/Users/Xehcl/OneDrive/Documentos/Arquitectura de computadoras/monociclo_fpga/monociclo/monociclo.v Line: 101
Info (12128): Elaborating entity "extensiondesigno" for hierarchy "monociclo:PC|extensiondesigno:extend_u3" File: C:/Users/Xehcl/OneDrive/Documentos/Arquitectura de computadoras/monociclo_fpga/monociclo/monociclo.v Line: 111
Info (12128): Elaborating entity "ALUNBits" for hierarchy "monociclo:PC|ALUNBits:comb_169" File: C:/Users/Xehcl/OneDrive/Documentos/Arquitectura de computadoras/monociclo_fpga/monociclo/monociclo.v Line: 134
Info (12128): Elaborating entity "ALU" for hierarchy "monociclo:PC|ALUNBits:comb_169|ALU:alubucle[0].ALUBit0" File: C:/Users/Xehcl/OneDrive/Documentos/Arquitectura de computadoras/monociclo_fpga/ALU/ALUNBits.v Line: 47
Info (12128): Elaborating entity "fulladder" for hierarchy "monociclo:PC|ALUNBits:comb_169|ALU:alubucle[0].ALUBit0|fulladder:fa1bit" File: C:/Users/Xehcl/OneDrive/Documentos/Arquitectura de computadoras/monociclo_fpga/ALU/ALU.v Line: 33
Info (12128): Elaborating entity "ALUBitN" for hierarchy "monociclo:PC|ALUNBits:comb_169|ALUBitN:alubucle[31].ALUBitN_1" File: C:/Users/Xehcl/OneDrive/Documentos/Arquitectura de computadoras/monociclo_fpga/ALU/ALUNBits.v Line: 61
Info (12128): Elaborating entity "dcache" for hierarchy "monociclo:PC|dcache:memoria_mem" File: C:/Users/Xehcl/OneDrive/Documentos/Arquitectura de computadoras/monociclo_fpga/monociclo/monociclo.v Line: 148
Info (12128): Elaborating entity "divFreq" for hierarchy "divFreq:divisor" File: C:/Users/Xehcl/OneDrive/Documentos/Arquitectura de computadoras/monociclo_fpga/monociclo_fpga.v Line: 49
Info (12128): Elaborating entity "Disp7segs" for hierarchy "Disp7segs:Disp0" File: C:/Users/Xehcl/OneDrive/Documentos/Arquitectura de computadoras/monociclo_fpga/monociclo_fpga.v Line: 60
Info (276014): Found 2 instances of uninferred RAM logic
    Info (276007): RAM logic "monociclo:PC|regfile:registerFile_u0|registerfile" is uninferred due to asynchronous read logic File: C:/Users/Xehcl/OneDrive/Documentos/Arquitectura de computadoras/monociclo_fpga/regfile/regfile.v Line: 15
    Info (276007): RAM logic "monociclo:PC|dcache:memoria_mem|memoria" is uninferred due to asynchronous read logic File: C:/Users/Xehcl/OneDrive/Documentos/Arquitectura de computadoras/monociclo_fpga/dcache/dcache.v Line: 26
Warning (127007): Memory Initialization File or Hexadecimal (Intel-Format) File "C:/Users/Xehcl/OneDrive/Documentos/Arquitectura de computadoras/monociclo_fpga/db/monociclo_fpga.ram0_icache_ff572994.hdl.mif" contains "don't care" values -- overwriting them with 0s
Info (13000): Registers with preset signals will power-up high File: C:/Users/Xehcl/OneDrive/Documentos/Arquitectura de computadoras/monociclo_fpga/divFreq.v Line: 20
Info (13003): DEV_CLRn pin will set, and not reset, register with preset signal due to NOT Gate Push-Back
Info (286030): Timing-Driven Synthesis is running
Info (17049): 24 registers lost all their fanouts during netlist optimizations.
Info (16010): Generating hard_block partition "hard_block:auto_generated_inst"
    Info (16011): Adding 0 node(s), including 0 DDIO, 0 PLL, 0 transceiver and 0 LCELL
Info (21057): Implemented 6423 device resources after synthesis - the final resource count might be different
    Info (21058): Implemented 2 input pins
    Info (21059): Implemented 56 output pins
    Info (21061): Implemented 6365 logic cells
Info: Quartus Prime Analysis & Synthesis was successful. 0 errors, 9 warnings
    Info: Peak virtual memory: 4797 megabytes
    Info: Processing ended: Fri May 17 06:49:22 2024
    Info: Elapsed time: 00:00:30
    Info: Total CPU time (on all processors): 00:00:44


